# JRE version: OpenJDK Runtime Environment (8.0_112-b06) (build 1.8.0_112-release-b06)
# Java VM: OpenJDK 64-Bit Server VM (25.112-b06 mixed mode windows-amd64 compressed oops)
Heap:
 PSYoungGen      total 263168K, used 54484K [0x00000000e0000000, 0x00000000fb000000, 0x0000000100000000)
  eden space 224768K, 7% used [0x00000000e0000000,0x00000000e0fb8d18,0x00000000edb80000)
  from space 38400K, 99% used [0x00000000f2080000,0x00000000f45fc568,0x00000000f4600000)
  to   space 70656K, 0% used [0x00000000edb80000,0x00000000edb80000,0x00000000f2080000)
 ParOldGen       total 181760K, used 133354K [0x00000000a0000000, 0x00000000ab180000, 0x00000000e0000000)
  object space 181760K, 73% used [0x00000000a0000000,0x00000000a823aa58,0x00000000ab180000)
 Metaspace       used 76731K, capacity 79768K, committed 80024K, reserved 1118208K
  class space    used 9792K, capacity 10371K, committed 10392K, reserved 1048576K
GC Heap History (10 events):
Event: 501.058 GC heap before
{Heap before GC invocations=28 (full 3):
 PSYoungGen      total 235008K, used 235006K [0x00000000e0000000, 0x00000000f1800000, 0x0000000100000000)
  eden space 212480K, 100% used [0x00000000e0000000,0x00000000ecf80000,0x00000000ecf80000)
  from space 22528K, 99% used [0x00000000eeb80000,0x00000000f017f9a8,0x00000000f0180000)
  to   space 28672K, 0% used [0x00000000ecf80000,0x00000000ecf80000,0x00000000eeb80000)
 ParOldGen       total 105472K, used 62706K [0x00000000a0000000, 0x00000000a6700000, 0x00000000e0000000)
  object space 105472K, 59% used [0x00000000a0000000,0x00000000a3d3c988,0x00000000a6700000)
 Metaspace       used 76589K, capacity 79604K, committed 79768K, reserved 1118208K
  class space    used 9792K, capacity 10377K, committed 10392K, reserved 1048576K
Event: 502.285 GC heap after
Heap after GC invocations=28 (full 3):
 PSYoungGen      total 241152K, used 28652K [0x00000000e0000000, 0x00000000f4600000, 0x0000000100000000)
  eden space 212480K, 0% used [0x00000000e0000000,0x00000000e0000000,0x00000000ecf80000)
  from space 28672K, 99% used [0x00000000ecf80000,0x00000000eeb7b220,0x00000000eeb80000)
  to   space 38400K, 0% used [0x00000000f2080000,0x00000000f2080000,0x00000000f4600000)
 ParOldGen       total 105472K, used 77350K [0x00000000a0000000, 0x00000000a6700000, 0x00000000e0000000)
  object space 105472K, 73% used [0x00000000a0000000,0x00000000a4b89a68,0x00000000a6700000)
 Metaspace       used 76589K, capacity 79604K, committed 79768K, reserved 1118208K
  class space    used 9792K, capacity 10377K, committed 10392K, reserved 1048576K
}
Event: 508.880 GC heap before
{Heap before GC invocations=29 (full 3):
 PSYoungGen      total 241152K, used 241132K [0x00000000e0000000, 0x00000000f4600000, 0x0000000100000000)
  eden space 212480K, 100% used [0x00000000e0000000,0x00000000ecf80000,0x00000000ecf80000)
  from space 28672K, 99% used [0x00000000ecf80000,0x00000000eeb7b220,0x00000000eeb80000)
  to   space 38400K, 0% used [0x00000000f2080000,0x00000000f2080000,0x00000000f4600000)
 ParOldGen       total 105472K, used 77350K [0x00000000a0000000, 0x00000000a6700000, 0x00000000e0000000)
  object space 105472K, 73% used [0x00000000a0000000,0x00000000a4b89a68,0x00000000a6700000)
 Metaspace       used 76633K, capacity 79732K, committed 79768K, reserved 1118208K
  class space    used 9793K, capacity 10377K, committed 10392K, reserved 1048576K
Event: 509.653 GC heap after
Heap after GC invocations=29 (full 3):
 PSYoungGen      total 280064K, used 38386K [0x00000000e0000000, 0x00000000f6700000, 0x0000000100000000)
  eden space 241664K, 0% used [0x00000000e0000000,0x00000000e0000000,0x00000000eec00000)
  from space 38400K, 99% used [0x00000000f2080000,0x00000000f45fcba0,0x00000000f4600000)
  to   space 53760K, 0% used [0x00000000eec00000,0x00000000eec00000,0x00000000f2080000)
 ParOldGen       total 105472K, used 102181K [0x00000000a0000000, 0x00000000a6700000, 0x00000000e0000000)
  object space 105472K, 96% used [0x00000000a0000000,0x00000000a63c97f8,0x00000000a6700000)
 Metaspace       used 76633K, capacity 79732K, committed 79768K, reserved 1118208K
  class space    used 9793K, capacity 10377K, committed 10392K, reserved 1048576K
}
Event: 509.662 GC heap before
{Heap before GC invocations=30 (full 4):
 PSYoungGen      total 280064K, used 38386K [0x00000000e0000000, 0x00000000f6700000, 0x0000000100000000)
  eden space 241664K, 0% used [0x00000000e0000000,0x00000000e0000000,0x00000000eec00000)
  from space 38400K, 99% used [0x00000000f2080000,0x00000000f45fcba0,0x00000000f4600000)
  to   space 53760K, 0% used [0x00000000eec00000,0x00000000eec00000,0x00000000f2080000)
 ParOldGen       total 105472K, used 102181K [0x00000000a0000000, 0x00000000a6700000, 0x00000000e0000000)
  object space 105472K, 96% used [0x00000000a0000000,0x00000000a63c97f8,0x00000000a6700000)
 Metaspace       used 76633K, capacity 79732K, committed 79768K, reserved 1118208K
  class space    used 9793K, capacity 10377K, committed 10392K, reserved 1048576K
Event: 515.529 GC heap after
Heap after GC invocations=30 (full 4):
 PSYoungGen      total 280064K, used 8690K [0x00000000e0000000, 0x00000000f6700000, 0x0000000100000000)
  eden space 241664K, 0% used [0x00000000e0000000,0x00000000e0000000,0x00000000eec00000)
  from space 38400K, 22% used [0x00000000f2080000,0x00000000f28fcb78,0x00000000f4600000)
  to   space 53760K, 0% used [0x00000000eec00000,0x00000000eec00000,0x00000000f2080000)
 ParOldGen       total 181760K, used 105180K [0x00000000a0000000, 0x00000000ab180000, 0x00000000e0000000)
  object space 181760K, 57% used [0x00000000a0000000,0x00000000a66b7358,0x00000000ab180000)
 Metaspace       used 76623K, capacity 79704K, committed 79768K, reserved 1118208K
  class space    used 9790K, capacity 10371K, committed 10392K, reserved 1048576K
}
Event: 526.636 GC heap before
{Heap before GC invocations=31 (full 4):
 PSYoungGen      total 280064K, used 250354K [0x00000000e0000000, 0x00000000f6700000, 0x0000000100000000)
  eden space 241664K, 100% used [0x00000000e0000000,0x00000000eec00000,0x00000000eec00000)
  from space 38400K, 22% used [0x00000000f2080000,0x00000000f28fcb78,0x00000000f4600000)
  to   space 53760K, 0% used [0x00000000eec00000,0x00000000eec00000,0x00000000f2080000)
 ParOldGen       total 181760K, used 105180K [0x00000000a0000000, 0x00000000ab180000, 0x00000000e0000000)
  object space 181760K, 57% used [0x00000000a0000000,0x00000000a66b7358,0x00000000ab180000)
 Metaspace       used 76707K, capacity 79768K, committed 80024K, reserved 1118208K
  class space    used 9792K, capacity 10371K, committed 10392K, reserved 1048576K
Event: 527.067 GC heap after
Heap after GC invocations=31 (full 4):
 PSYoungGen      total 295424K, used 41967K [0x00000000e0000000, 0x00000000f6700000, 0x0000000100000000)
  eden space 241664K, 0% used [0x00000000e0000000,0x00000000e0000000,0x00000000eec00000)
  from space 53760K, 78% used [0x00000000eec00000,0x00000000f14fbe70,0x00000000f2080000)
  to   space 38400K, 0% used [0x00000000f2080000,0x00000000f2080000,0x00000000f4600000)
 ParOldGen       total 181760K, used 105324K [0x00000000a0000000, 0x00000000ab180000, 0x00000000e0000000)
  object space 181760K, 57% used [0x00000000a0000000,0x00000000a66db358,0x00000000ab180000)
 Metaspace       used 76707K, capacity 79768K, committed 80024K, reserved 1118208K
  class space    used 9792K, capacity 10371K, committed 10392K, reserved 1048576K
}
Event: 532.424 GC heap before
{Heap before GC invocations=32 (full 4):
 PSYoungGen      total 295424K, used 283631K [0x00000000e0000000, 0x00000000f6700000, 0x0000000100000000)
  eden space 241664K, 100% used [0x00000000e0000000,0x00000000eec00000,0x00000000eec00000)
  from space 53760K, 78% used [0x00000000eec00000,0x00000000f14fbe70,0x00000000f2080000)
  to   space 38400K, 0% used [0x00000000f2080000,0x00000000f2080000,0x00000000f4600000)
 ParOldGen       total 181760K, used 105324K [0x00000000a0000000, 0x00000000ab180000, 0x00000000e0000000)
  object space 181760K, 57% used [0x00000000a0000000,0x00000000a66db358,0x00000000ab180000)
 Metaspace       used 76731K, capacity 79768K, committed 80024K, reserved 1118208K
  class space    used 9792K, capacity 10371K, committed 10392K, reserved 1048576K
Event: 533.602 GC heap after
Heap after GC invocations=32 (full 4):
 PSYoungGen      total 263168K, used 38385K [0x00000000e0000000, 0x00000000fb000000, 0x0000000100000000)
  eden space 224768K, 0% used [0x00000000e0000000,0x00000000e0000000,0x00000000edb80000)
  from space 38400K, 99% used [0x00000000f2080000,0x00000000f45fc568,0x00000000f4600000)
  to   space 70656K, 0% used [0x00000000edb80000,0x00000000edb80000,0x00000000f2080000)
 ParOldGen       total 181760K, used 133354K [0x00000000a0000000, 0x00000000ab180000, 0x00000000e0000000)
  object space 181760K, 73% used [0x00000000a0000000,0x00000000a823aa58,0x00000000ab180000)
 Metaspace       used 76731K, capacity 79768K, committed 80024K, reserved 1118208K
  class space    used 9792K, capacity 10371K, committed 10392K, reserved 1048576K
}

